INFO:WDM:====== WebDriver manager ======
INFO:WDM:Get LATEST chromedriver version for google-chrome 109.0.5414
INFO:WDM:Driver [C:\Users\Acer\.wdm\drivers\chromedriver\win32\109.0.5414\chromedriver.exe] found in cache
INFO:WDM:====== WebDriver manager ======
INFO:WDM:Get LATEST chromedriver version for google-chrome 109.0.5414
INFO:WDM:Driver [C:\Users\Acer\.wdm\drivers\chromedriver\win32\109.0.5414\chromedriver.exe] found in cache
INFO:WDM:====== WebDriver manager ======
INFO:WDM:Get LATEST chromedriver version for google-chrome 109.0.5414
INFO:WDM:Driver [C:\Users\Acer\.wdm\drivers\chromedriver\win32\109.0.5414\chromedriver.exe] found in cache
INFO:WDM:====== WebDriver manager ======
INFO:WDM:Get LATEST chromedriver version for google-chrome 109.0.5414
INFO:WDM:Driver [C:\Users\Acer\.wdm\drivers\chromedriver\win32\109.0.5414\chromedriver.exe] found in cache
INFO:WDM:====== WebDriver manager ======
INFO:WDM:Get LATEST chromedriver version for google-chrome 113.0.5672
INFO:WDM:Driver [C:\Users\Acer\.wdm\drivers\chromedriver\win32\113.0.5672\chromedriver.exe] found in cache
INFO:WDM:====== WebDriver manager ======
INFO:WDM:Get LATEST chromedriver version for google-chrome 113.0.5672
INFO:WDM:About to download new driver from https://chromedriver.storage.googleapis.com/113.0.5672.63/chromedriver_win32.zip
INFO:WDM:Driver has been saved in cache [C:\Users\Acer\.wdm\drivers\chromedriver\win32\113.0.5672]
INFO:WDM:====== WebDriver manager ======
INFO:WDM:Get LATEST chromedriver version for google-chrome 113.0.5672
INFO:WDM:About to download new driver from https://chromedriver.storage.googleapis.com/113.0.5672.63/chromedriver_win32.zip
INFO:WDM:Driver has been saved in cache [C:\Users\Acer\.wdm\drivers\chromedriver\win32\113.0.5672]
INFO:WDM:====== WebDriver manager ======
INFO:WDM:Get LATEST chromedriver version for google-chrome 114.0.5735
INFO:WDM:About to download new driver from https://chromedriver.storage.googleapis.com/114.0.5735.90/chromedriver_win32.zip
INFO:WDM:====== WebDriver manager ======
INFO:WDM:Get LATEST chromedriver version for google-chrome 114.0.5735
INFO:WDM:Driver [C:\Users\Acer\.wdm\drivers\chromedriver\win32\114.0.5735\chromedriver.exe] found in cache
WARNING:urllib3.connectionpool:Retrying (Retry(total=2, connect=None, read=None, redirect=None, status=None)) after connection broken by 'NewConnectionError('<urllib3.connection.HTTPConnection object at 0x0000019BFF2E0BE0>: Failed to establish a new connection: [WinError 10061] Nenhuma conexão pôde ser feita porque a máquina de destino as recusou ativamente')': /session/c0395e6a86055409955a5f1970e77543/element
WARNING:urllib3.connectionpool:Retrying (Retry(total=1, connect=None, read=None, redirect=None, status=None)) after connection broken by 'NewConnectionError('<urllib3.connection.HTTPConnection object at 0x0000019BFF2E0940>: Failed to establish a new connection: [WinError 10061] Nenhuma conexão pôde ser feita porque a máquina de destino as recusou ativamente')': /session/c0395e6a86055409955a5f1970e77543/element
WARNING:urllib3.connectionpool:Retrying (Retry(total=0, connect=None, read=None, redirect=None, status=None)) after connection broken by 'NewConnectionError('<urllib3.connection.HTTPConnection object at 0x0000019BFF2E09D0>: Failed to establish a new connection: [WinError 10061] Nenhuma conexão pôde ser feita porque a máquina de destino as recusou ativamente')': /session/c0395e6a86055409955a5f1970e77543/element
WARNING:urllib3.connectionpool:Retrying (Retry(total=2, connect=None, read=None, redirect=None, status=None)) after connection broken by 'NewConnectionError('<urllib3.connection.HTTPConnection object at 0x0000019BFF3450A0>: Failed to establish a new connection: [WinError 10061] Nenhuma conexão pôde ser feita porque a máquina de destino as recusou ativamente')': /session/c0395e6a86055409955a5f1970e77543/element
WARNING:urllib3.connectionpool:Retrying (Retry(total=1, connect=None, read=None, redirect=None, status=None)) after connection broken by 'NewConnectionError('<urllib3.connection.HTTPConnection object at 0x0000019BFF3451F0>: Failed to establish a new connection: [WinError 10061] Nenhuma conexão pôde ser feita porque a máquina de destino as recusou ativamente')': /session/c0395e6a86055409955a5f1970e77543/element
WARNING:urllib3.connectionpool:Retrying (Retry(total=0, connect=None, read=None, redirect=None, status=None)) after connection broken by 'NewConnectionError('<urllib3.connection.HTTPConnection object at 0x0000019BFF345340>: Failed to establish a new connection: [WinError 10061] Nenhuma conexão pôde ser feita porque a máquina de destino as recusou ativamente')': /session/c0395e6a86055409955a5f1970e77543/element
WARNING:urllib3.connectionpool:Retrying (Retry(total=2, connect=None, read=None, redirect=None, status=None)) after connection broken by 'NewConnectionError('<urllib3.connection.HTTPConnection object at 0x0000019BFF345790>: Failed to establish a new connection: [WinError 10061] Nenhuma conexão pôde ser feita porque a máquina de destino as recusou ativamente')': /session/c0395e6a86055409955a5f1970e77543/element
WARNING:urllib3.connectionpool:Retrying (Retry(total=1, connect=None, read=None, redirect=None, status=None)) after connection broken by 'NewConnectionError('<urllib3.connection.HTTPConnection object at 0x0000019BFF345940>: Failed to establish a new connection: [WinError 10061] Nenhuma conexão pôde ser feita porque a máquina de destino as recusou ativamente')': /session/c0395e6a86055409955a5f1970e77543/element
WARNING:urllib3.connectionpool:Retrying (Retry(total=0, connect=None, read=None, redirect=None, status=None)) after connection broken by 'NewConnectionError('<urllib3.connection.HTTPConnection object at 0x0000019BFF345AC0>: Failed to establish a new connection: [WinError 10061] Nenhuma conexão pôde ser feita porque a máquina de destino as recusou ativamente')': /session/c0395e6a86055409955a5f1970e77543/element
INFO:WDM:====== WebDriver manager ======
INFO:WDM:Get LATEST chromedriver version for google-chrome 114.0.5735
INFO:WDM:About to download new driver from https://chromedriver.storage.googleapis.com/114.0.5735.90/chromedriver_win32.zip
INFO:WDM:====== WebDriver manager ======
INFO:WDM:Get LATEST chromedriver version for google-chrome 114.0.5735
INFO:WDM:About to download new driver from https://chromedriver.storage.googleapis.com/114.0.5735.90/chromedriver_win32.zip
